The system is: Linux - 3.11.10-7-desktop - x86_64
Compiling the C compiler identification source file "CMakeCCompilerId.c" succeeded.
Compiler: /usr/bin/cc 
Build flags: 
Id flags: 

The output was:
0


Compilation of the C compiler identification source "CMakeCCompilerId.c" produced "a.out"

The C compiler identification is GNU, found in "/home/elchaschab/devel/Neurocid/mainline/CMakeFiles/2.8.11.2/CompilerIdC/a.out"

Compiling the CXX compiler identification source file "CMakeCXXCompilerId.cpp" succeeded.
Compiler: /usr/bin/c++ 
Build flags: 
Id flags: 

The output was:
0


Compilation of the CXX compiler identification source "CMakeCXXCompilerId.cpp" produced "a.out"

The CXX compiler identification is GNU, found in "/home/elchaschab/devel/Neurocid/mainline/CMakeFiles/2.8.11.2/CompilerIdCXX/a.out"

Determining if the C compiler works passed with the following output:
Change Dir: /home/elchaschab/devel/Neurocid/mainline/CMakeFiles/CMakeTmp

Run Build Command:/usr/bin/gmake "cmTryCompileExec2552481859/fast"
/usr/bin/gmake -f CMakeFiles/cmTryCompileExec2552481859.dir/build.make CMakeFiles/cmTryCompileExec2552481859.dir/build
gmake[1]: Entering directory `/home/elchaschab/devel/Neurocid/mainline/CMakeFiles/CMakeTmp'
/usr/bin/cmake -E cmake_progress_report /home/elchaschab/devel/Neurocid/mainline/CMakeFiles/CMakeTmp/CMakeFiles 1
Building C object CMakeFiles/cmTryCompileExec2552481859.dir/testCCompiler.c.o
/usr/bin/cc    -o CMakeFiles/cmTryCompileExec2552481859.dir/testCCompiler.c.o   -c /home/elchaschab/devel/Neurocid/mainline/CMakeFiles/CMakeTmp/testCCompiler.c
Linking C executable cmTryCompileExec2552481859
/usr/bin/cmake -E cmake_link_script CMakeFiles/cmTryCompileExec2552481859.dir/link.txt --verbose=1
/usr/bin/cc         CMakeFiles/cmTryCompileExec2552481859.dir/testCCompiler.c.o  -o cmTryCompileExec2552481859 -rdynamic 
gmake[1]: Leaving directory `/home/elchaschab/devel/Neurocid/mainline/CMakeFiles/CMakeTmp'


Detecting C compiler ABI info compiled with the following output:
Change Dir: /home/elchaschab/devel/Neurocid/mainline/CMakeFiles/CMakeTmp

Run Build Command:/usr/bin/gmake "cmTryCompileExec2437666178/fast"
/usr/bin/gmake -f CMakeFiles/cmTryCompileExec2437666178.dir/build.make CMakeFiles/cmTryCompileExec2437666178.dir/build
gmake[1]: Entering directory `/home/elchaschab/devel/Neurocid/mainline/CMakeFiles/CMakeTmp'
/usr/bin/cmake -E cmake_progress_report /home/elchaschab/devel/Neurocid/mainline/CMakeFiles/CMakeTmp/CMakeFiles 1
Building C object CMakeFiles/cmTryCompileExec2437666178.dir/CMakeCCompilerABI.c.o
/usr/bin/cc    -o CMakeFiles/cmTryCompileExec2437666178.dir/CMakeCCompilerABI.c.o   -c /usr/share/cmake/Modules/CMakeCCompilerABI.c
Linking C executable cmTryCompileExec2437666178
/usr/bin/cmake -E cmake_link_script CMakeFiles/cmTryCompileExec2437666178.dir/link.txt --verbose=1
/usr/bin/cc       -v CMakeFiles/cmTryCompileExec2437666178.dir/CMakeCCompilerABI.c.o  -o cmTryCompileExec2437666178 -rdynamic  
Using built-in specs.
COLLECT_GCC=/usr/bin/cc
COLLECT_LTO_WRAPPER=/usr/lib64/gcc/x86_64-suse-linux/4.8/lto-wrapper
Target: x86_64-suse-linux
Configured with: ../configure --prefix=/usr --infodir=/usr/share/info --mandir=/usr/share/man --libdir=/usr/lib64 --libexecdir=/usr/lib64 --enable-languages=c,c++,objc,fortran,obj-c++,java,ada --enable-checking=release --with-gxx-include-dir=/usr/include/c++/4.8 --enable-ssp --disable-libssp --disable-plugin --with-bugurl=http://bugs.opensuse.org/ --with-pkgversion='SUSE Linux' --disable-libgcj --disable-libmudflap --with-slibdir=/lib64 --with-system-zlib --enable-__cxa_atexit --enable-libstdcxx-allocator=new --disable-libstdcxx-pch --enable-version-specific-runtime-libs --enable-linker-build-id --program-suffix=-4.8 --enable-linux-futex --without-system-libunwind --with-arch-32=i586 --with-tune=generic --build=x86_64-suse-linux
Thread model: posix
gcc version 4.8.1 20130909 [gcc-4_8-branch revision 202388] (SUSE Linux) 
COMPILER_PATH=/usr/lib64/gcc/x86_64-suse-linux/4.8/:/usr/lib64/gcc/x86_64-suse-linux/4.8/:/usr/lib64/gcc/x86_64-suse-linux/:/usr/lib64/gcc/x86_64-suse-linux/4.8/:/usr/lib64/gcc/x86_64-suse-linux/:/usr/lib64/gcc/x86_64-suse-linux/4.8/../../../../x86_64-suse-linux/bin/
LIBRARY_PATH=/usr/lib64/gcc/x86_64-suse-linux/4.8/:/usr/lib64/gcc/x86_64-suse-linux/4.8/../../../../lib64/:/lib/../lib64/:/usr/lib/../lib64/:/usr/lib64/gcc/x86_64-suse-linux/4.8/../../../../x86_64-suse-linux/lib/:/usr/lib64/gcc/x86_64-suse-linux/4.8/../../../:/lib/:/usr/lib/
COLLECT_GCC_OPTIONS='-v' '-o' 'cmTryCompileExec2437666178' '-rdynamic' '-mtune=generic' '-march=x86-64'
 /usr/lib64/gcc/x86_64-suse-linux/4.8/collect2 --build-id --eh-frame-hdr -m elf_x86_64 -export-dynamic -dynamic-linker /lib64/ld-linux-x86-64.so.2 -o cmTryCompileExec2437666178 /usr/lib64/gcc/x86_64-suse-linux/4.8/../../../../lib64/crt1.o /usr/lib64/gcc/x86_64-suse-linux/4.8/../../../../lib64/crti.o /usr/lib64/gcc/x86_64-suse-linux/4.8/crtbegin.o -L/usr/lib64/gcc/x86_64-suse-linux/4.8 -L/usr/lib64/gcc/x86_64-suse-linux/4.8/../../../../lib64 -L/lib/../lib64 -L/usr/lib/../lib64 -L/usr/lib64/gcc/x86_64-suse-linux/4.8/../../../../x86_64-suse-linux/lib -L/usr/lib64/gcc/x86_64-suse-linux/4.8/../../.. CMakeFiles/cmTryCompileExec2437666178.dir/CMakeCCompilerABI.c.o -lgcc --as-needed -lgcc_s --no-as-needed -lc -lgcc --as-needed -lgcc_s --no-as-needed /usr/lib64/gcc/x86_64-suse-linux/4.8/crtend.o /usr/lib64/gcc/x86_64-suse-linux/4.8/../../../../lib64/crtn.o
gmake[1]: Leaving directory `/home/elchaschab/devel/Neurocid/mainline/CMakeFiles/CMakeTmp'


Parsed C implicit link information from above output:
  link line regex: [^( *|.*[/\])(ld|ld|collect2)[^/\]*( |$)]
  ignore line: [Change Dir: /home/elchaschab/devel/Neurocid/mainline/CMakeFiles/CMakeTmp]
  ignore line: []
  ignore line: [Run Build Command:/usr/bin/gmake "cmTryCompileExec2437666178/fast"]
  ignore line: [/usr/bin/gmake -f CMakeFiles/cmTryCompileExec2437666178.dir/build.make CMakeFiles/cmTryCompileExec2437666178.dir/build]
  ignore line: [gmake[1]: Entering directory `/home/elchaschab/devel/Neurocid/mainline/CMakeFiles/CMakeTmp']
  ignore line: [/usr/bin/cmake -E cmake_progress_report /home/elchaschab/devel/Neurocid/mainline/CMakeFiles/CMakeTmp/CMakeFiles 1]
  ignore line: [Building C object CMakeFiles/cmTryCompileExec2437666178.dir/CMakeCCompilerABI.c.o]
  ignore line: [/usr/bin/cc    -o CMakeFiles/cmTryCompileExec2437666178.dir/CMakeCCompilerABI.c.o   -c /usr/share/cmake/Modules/CMakeCCompilerABI.c]
  ignore line: [Linking C executable cmTryCompileExec2437666178]
  ignore line: [/usr/bin/cmake -E cmake_link_script CMakeFiles/cmTryCompileExec2437666178.dir/link.txt --verbose=1]
  ignore line: [/usr/bin/cc       -v CMakeFiles/cmTryCompileExec2437666178.dir/CMakeCCompilerABI.c.o  -o cmTryCompileExec2437666178 -rdynamic  ]
  ignore line: [Using built-in specs.]
  ignore line: [COLLECT_GCC=/usr/bin/cc]
  ignore line: [COLLECT_LTO_WRAPPER=/usr/lib64/gcc/x86_64-suse-linux/4.8/lto-wrapper]
  ignore line: [Target: x86_64-suse-linux]
  ignore line: [Configured with: ../configure --prefix=/usr --infodir=/usr/share/info --mandir=/usr/share/man --libdir=/usr/lib64 --libexecdir=/usr/lib64 --enable-languages=c,c++,objc,fortran,obj-c++,java,ada --enable-checking=release --with-gxx-include-dir=/usr/include/c++/4.8 --enable-ssp --disable-libssp --disable-plugin --with-bugurl=http://bugs.opensuse.org/ --with-pkgversion='SUSE Linux' --disable-libgcj --disable-libmudflap --with-slibdir=/lib64 --with-system-zlib --enable-__cxa_atexit --enable-libstdcxx-allocator=new --disable-libstdcxx-pch --enable-version-specific-runtime-libs --enable-linker-build-id --program-suffix=-4.8 --enable-linux-futex --without-system-libunwind --with-arch-32=i586 --with-tune=generic --build=x86_64-suse-linux]
  ignore line: [Thread model: posix]
  ignore line: [gcc version 4.8.1 20130909 [gcc-4_8-branch revision 202388] (SUSE Linux) ]
  ignore line: [COMPILER_PATH=/usr/lib64/gcc/x86_64-suse-linux/4.8/:/usr/lib64/gcc/x86_64-suse-linux/4.8/:/usr/lib64/gcc/x86_64-suse-linux/:/usr/lib64/gcc/x86_64-suse-linux/4.8/:/usr/lib64/gcc/x86_64-suse-linux/:/usr/lib64/gcc/x86_64-suse-linux/4.8/../../../../x86_64-suse-linux/bin/]
  ignore line: [LIBRARY_PATH=/usr/lib64/gcc/x86_64-suse-linux/4.8/:/usr/lib64/gcc/x86_64-suse-linux/4.8/../../../../lib64/:/lib/../lib64/:/usr/lib/../lib64/:/usr/lib64/gcc/x86_64-suse-linux/4.8/../../../../x86_64-suse-linux/lib/:/usr/lib64/gcc/x86_64-suse-linux/4.8/../../../:/lib/:/usr/lib/]
  ignore line: [COLLECT_GCC_OPTIONS='-v' '-o' 'cmTryCompileExec2437666178' '-rdynamic' '-mtune=generic' '-march=x86-64']
  link line: [ /usr/lib64/gcc/x86_64-suse-linux/4.8/collect2 --build-id --eh-frame-hdr -m elf_x86_64 -export-dynamic -dynamic-linker /lib64/ld-linux-x86-64.so.2 -o cmTryCompileExec2437666178 /usr/lib64/gcc/x86_64-suse-linux/4.8/../../../../lib64/crt1.o /usr/lib64/gcc/x86_64-suse-linux/4.8/../../../../lib64/crti.o /usr/lib64/gcc/x86_64-suse-linux/4.8/crtbegin.o -L/usr/lib64/gcc/x86_64-suse-linux/4.8 -L/usr/lib64/gcc/x86_64-suse-linux/4.8/../../../../lib64 -L/lib/../lib64 -L/usr/lib/../lib64 -L/usr/lib64/gcc/x86_64-suse-linux/4.8/../../../../x86_64-suse-linux/lib -L/usr/lib64/gcc/x86_64-suse-linux/4.8/../../.. CMakeFiles/cmTryCompileExec2437666178.dir/CMakeCCompilerABI.c.o -lgcc --as-needed -lgcc_s --no-as-needed -lc -lgcc --as-needed -lgcc_s --no-as-needed /usr/lib64/gcc/x86_64-suse-linux/4.8/crtend.o /usr/lib64/gcc/x86_64-suse-linux/4.8/../../../../lib64/crtn.o]
    arg [/usr/lib64/gcc/x86_64-suse-linux/4.8/collect2] ==> ignore
    arg [--build-id] ==> ignore
    arg [--eh-frame-hdr] ==> ignore
    arg [-m] ==> ignore
    arg [elf_x86_64] ==> ignore
    arg [-export-dynamic] ==> ignore
    arg [-dynamic-linker] ==> ignore
    arg [/lib64/ld-linux-x86-64.so.2] ==> ignore
    arg [-o] ==> ignore
    arg [cmTryCompileExec2437666178] ==> ignore
    arg [/usr/lib64/gcc/x86_64-suse-linux/4.8/../../../../lib64/crt1.o] ==> ignore
    arg [/usr/lib64/gcc/x86_64-suse-linux/4.8/../../../../lib64/crti.o] ==> ignore
    arg [/usr/lib64/gcc/x86_64-suse-linux/4.8/crtbegin.o] ==> ignore
    arg [-L/usr/lib64/gcc/x86_64-suse-linux/4.8] ==> dir [/usr/lib64/gcc/x86_64-suse-linux/4.8]
    arg [-L/usr/lib64/gcc/x86_64-suse-linux/4.8/../../../../lib64] ==> dir [/usr/lib64/gcc/x86_64-suse-linux/4.8/../../../../lib64]
    arg [-L/lib/../lib64] ==> dir [/lib/../lib64]
    arg [-L/usr/lib/../lib64] ==> dir [/usr/lib/../lib64]
    arg [-L/usr/lib64/gcc/x86_64-suse-linux/4.8/../../../../x86_64-suse-linux/lib] ==> dir [/usr/lib64/gcc/x86_64-suse-linux/4.8/../../../../x86_64-suse-linux/lib]
    arg [-L/usr/lib64/gcc/x86_64-suse-linux/4.8/../../..] ==> dir [/usr/lib64/gcc/x86_64-suse-linux/4.8/../../..]
    arg [CMakeFiles/cmTryCompileExec2437666178.dir/CMakeCCompilerABI.c.o] ==> ignore
    arg [-lgcc] ==> lib [gcc]
    arg [--as-needed] ==> ignore
    arg [-lgcc_s] ==> lib [gcc_s]
    arg [--no-as-needed] ==> ignore
    arg [-lc] ==> lib [c]
    arg [-lgcc] ==> lib [gcc]
    arg [--as-needed] ==> ignore
    arg [-lgcc_s] ==> lib [gcc_s]
    arg [--no-as-needed] ==> ignore
    arg [/usr/lib64/gcc/x86_64-suse-linux/4.8/crtend.o] ==> ignore
    arg [/usr/lib64/gcc/x86_64-suse-linux/4.8/../../../../lib64/crtn.o] ==> ignore
  remove lib [gcc]
  remove lib [gcc_s]
  remove lib [gcc]
  remove lib [gcc_s]
  collapse library dir [/usr/lib64/gcc/x86_64-suse-linux/4.8] ==> [/usr/lib64/gcc/x86_64-suse-linux/4.8]
  collapse library dir [/usr/lib64/gcc/x86_64-suse-linux/4.8/../../../../lib64] ==> [/usr/lib64]
  collapse library dir [/lib/../lib64] ==> [/lib64]
  collapse library dir [/usr/lib/../lib64] ==> [/usr/lib64]
  collapse library dir [/usr/lib64/gcc/x86_64-suse-linux/4.8/../../../../x86_64-suse-linux/lib] ==> [/usr/x86_64-suse-linux/lib]
  collapse library dir [/usr/lib64/gcc/x86_64-suse-linux/4.8/../../..] ==> [/usr/lib64]
  implicit libs: [c]
  implicit dirs: [/usr/lib64/gcc/x86_64-suse-linux/4.8;/usr/lib64;/lib64;/usr/x86_64-suse-linux/lib]
  implicit fwks: []


Determining if the CXX compiler works passed with the following output:
Change Dir: /home/elchaschab/devel/Neurocid/mainline/CMakeFiles/CMakeTmp

Run Build Command:/usr/bin/gmake "cmTryCompileExec4067403886/fast"
/usr/bin/gmake -f CMakeFiles/cmTryCompileExec4067403886.dir/build.make CMakeFiles/cmTryCompileExec4067403886.dir/build
gmake[1]: Entering directory `/home/elchaschab/devel/Neurocid/mainline/CMakeFiles/CMakeTmp'
/usr/bin/cmake -E cmake_progress_report /home/elchaschab/devel/Neurocid/mainline/CMakeFiles/CMakeTmp/CMakeFiles 1
Building CXX object CMakeFiles/cmTryCompileExec4067403886.dir/testCXXCompiler.cxx.o
/usr/bin/c++     -o CMakeFiles/cmTryCompileExec4067403886.dir/testCXXCompiler.cxx.o -c /home/elchaschab/devel/Neurocid/mainline/CMakeFiles/CMakeTmp/testCXXCompiler.cxx
Linking CXX executable cmTryCompileExec4067403886
/usr/bin/cmake -E cmake_link_script CMakeFiles/cmTryCompileExec4067403886.dir/link.txt --verbose=1
/usr/bin/c++          CMakeFiles/cmTryCompileExec4067403886.dir/testCXXCompiler.cxx.o  -o cmTryCompileExec4067403886 -rdynamic 
gmake[1]: Leaving directory `/home/elchaschab/devel/Neurocid/mainline/CMakeFiles/CMakeTmp'


Detecting CXX compiler ABI info compiled with the following output:
Change Dir: /home/elchaschab/devel/Neurocid/mainline/CMakeFiles/CMakeTmp

Run Build Command:/usr/bin/gmake "cmTryCompileExec2307284639/fast"
/usr/bin/gmake -f CMakeFiles/cmTryCompileExec2307284639.dir/build.make CMakeFiles/cmTryCompileExec2307284639.dir/build
gmake[1]: Entering directory `/home/elchaschab/devel/Neurocid/mainline/CMakeFiles/CMakeTmp'
/usr/bin/cmake -E cmake_progress_report /home/elchaschab/devel/Neurocid/mainline/CMakeFiles/CMakeTmp/CMakeFiles 1
Building CXX object CMakeFiles/cmTryCompileExec2307284639.dir/CMakeCXXCompilerABI.cpp.o
/usr/bin/c++     -o CMakeFiles/cmTryCompileExec2307284639.dir/CMakeCXXCompilerABI.cpp.o -c /usr/share/cmake/Modules/CMakeCXXCompilerABI.cpp
Linking CXX executable cmTryCompileExec2307284639
/usr/bin/cmake -E cmake_link_script CMakeFiles/cmTryCompileExec2307284639.dir/link.txt --verbose=1
/usr/bin/c++        -v CMakeFiles/cmTryCompileExec2307284639.dir/CMakeCXXCompilerABI.cpp.o  -o cmTryCompileExec2307284639 -rdynamic  
Using built-in specs.
COLLECT_GCC=/usr/bin/c++
COLLECT_LTO_WRAPPER=/usr/lib64/gcc/x86_64-suse-linux/4.8/lto-wrapper
Target: x86_64-suse-linux
Configured with: ../configure --prefix=/usr --infodir=/usr/share/info --mandir=/usr/share/man --libdir=/usr/lib64 --libexecdir=/usr/lib64 --enable-languages=c,c++,objc,fortran,obj-c++,java,ada --enable-checking=release --with-gxx-include-dir=/usr/include/c++/4.8 --enable-ssp --disable-libssp --disable-plugin --with-bugurl=http://bugs.opensuse.org/ --with-pkgversion='SUSE Linux' --disable-libgcj --disable-libmudflap --with-slibdir=/lib64 --with-system-zlib --enable-__cxa_atexit --enable-libstdcxx-allocator=new --disable-libstdcxx-pch --enable-version-specific-runtime-libs --enable-linker-build-id --program-suffix=-4.8 --enable-linux-futex --without-system-libunwind --with-arch-32=i586 --with-tune=generic --build=x86_64-suse-linux
Thread model: posix
gcc version 4.8.1 20130909 [gcc-4_8-branch revision 202388] (SUSE Linux) 
COMPILER_PATH=/usr/lib64/gcc/x86_64-suse-linux/4.8/:/usr/lib64/gcc/x86_64-suse-linux/4.8/:/usr/lib64/gcc/x86_64-suse-linux/:/usr/lib64/gcc/x86_64-suse-linux/4.8/:/usr/lib64/gcc/x86_64-suse-linux/:/usr/lib64/gcc/x86_64-suse-linux/4.8/../../../../x86_64-suse-linux/bin/
LIBRARY_PATH=/usr/lib64/gcc/x86_64-suse-linux/4.8/:/usr/lib64/gcc/x86_64-suse-linux/4.8/../../../../lib64/:/lib/../lib64/:/usr/lib/../lib64/:/usr/lib64/gcc/x86_64-suse-linux/4.8/../../../../x86_64-suse-linux/lib/:/usr/lib64/gcc/x86_64-suse-linux/4.8/../../../:/lib/:/usr/lib/
COLLECT_GCC_OPTIONS='-v' '-o' 'cmTryCompileExec2307284639' '-rdynamic' '-shared-libgcc' '-mtune=generic' '-march=x86-64'
 /usr/lib64/gcc/x86_64-suse-linux/4.8/collect2 --build-id --eh-frame-hdr -m elf_x86_64 -export-dynamic -dynamic-linker /lib64/ld-linux-x86-64.so.2 -o cmTryCompileExec2307284639 /usr/lib64/gcc/x86_64-suse-linux/4.8/../../../../lib64/crt1.o /usr/lib64/gcc/x86_64-suse-linux/4.8/../../../../lib64/crti.o /usr/lib64/gcc/x86_64-suse-linux/4.8/crtbegin.o -L/usr/lib64/gcc/x86_64-suse-linux/4.8 -L/usr/lib64/gcc/x86_64-suse-linux/4.8/../../../../lib64 -L/lib/../lib64 -L/usr/lib/../lib64 -L/usr/lib64/gcc/x86_64-suse-linux/4.8/../../../../x86_64-suse-linux/lib -L/usr/lib64/gcc/x86_64-suse-linux/4.8/../../.. CMakeFiles/cmTryCompileExec2307284639.dir/CMakeCXXCompilerABI.cpp.o -lstdc++ -lm -lgcc_s -lgcc -lc -lgcc_s -lgcc /usr/lib64/gcc/x86_64-suse-linux/4.8/crtend.o /usr/lib64/gcc/x86_64-suse-linux/4.8/../../../../lib64/crtn.o
gmake[1]: Leaving directory `/home/elchaschab/devel/Neurocid/mainline/CMakeFiles/CMakeTmp'


Parsed CXX implicit link information from above output:
  link line regex: [^( *|.*[/\])(ld|ld|collect2)[^/\]*( |$)]
  ignore line: [Change Dir: /home/elchaschab/devel/Neurocid/mainline/CMakeFiles/CMakeTmp]
  ignore line: []
  ignore line: [Run Build Command:/usr/bin/gmake "cmTryCompileExec2307284639/fast"]
  ignore line: [/usr/bin/gmake -f CMakeFiles/cmTryCompileExec2307284639.dir/build.make CMakeFiles/cmTryCompileExec2307284639.dir/build]
  ignore line: [gmake[1]: Entering directory `/home/elchaschab/devel/Neurocid/mainline/CMakeFiles/CMakeTmp']
  ignore line: [/usr/bin/cmake -E cmake_progress_report /home/elchaschab/devel/Neurocid/mainline/CMakeFiles/CMakeTmp/CMakeFiles 1]
  ignore line: [Building CXX object CMakeFiles/cmTryCompileExec2307284639.dir/CMakeCXXCompilerABI.cpp.o]
  ignore line: [/usr/bin/c++     -o CMakeFiles/cmTryCompileExec2307284639.dir/CMakeCXXCompilerABI.cpp.o -c /usr/share/cmake/Modules/CMakeCXXCompilerABI.cpp]
  ignore line: [Linking CXX executable cmTryCompileExec2307284639]
  ignore line: [/usr/bin/cmake -E cmake_link_script CMakeFiles/cmTryCompileExec2307284639.dir/link.txt --verbose=1]
  ignore line: [/usr/bin/c++        -v CMakeFiles/cmTryCompileExec2307284639.dir/CMakeCXXCompilerABI.cpp.o  -o cmTryCompileExec2307284639 -rdynamic  ]
  ignore line: [Using built-in specs.]
  ignore line: [COLLECT_GCC=/usr/bin/c++]
  ignore line: [COLLECT_LTO_WRAPPER=/usr/lib64/gcc/x86_64-suse-linux/4.8/lto-wrapper]
  ignore line: [Target: x86_64-suse-linux]
  ignore line: [Configured with: ../configure --prefix=/usr --infodir=/usr/share/info --mandir=/usr/share/man --libdir=/usr/lib64 --libexecdir=/usr/lib64 --enable-languages=c,c++,objc,fortran,obj-c++,java,ada --enable-checking=release --with-gxx-include-dir=/usr/include/c++/4.8 --enable-ssp --disable-libssp --disable-plugin --with-bugurl=http://bugs.opensuse.org/ --with-pkgversion='SUSE Linux' --disable-libgcj --disable-libmudflap --with-slibdir=/lib64 --with-system-zlib --enable-__cxa_atexit --enable-libstdcxx-allocator=new --disable-libstdcxx-pch --enable-version-specific-runtime-libs --enable-linker-build-id --program-suffix=-4.8 --enable-linux-futex --without-system-libunwind --with-arch-32=i586 --with-tune=generic --build=x86_64-suse-linux]
  ignore line: [Thread model: posix]
  ignore line: [gcc version 4.8.1 20130909 [gcc-4_8-branch revision 202388] (SUSE Linux) ]
  ignore line: [COMPILER_PATH=/usr/lib64/gcc/x86_64-suse-linux/4.8/:/usr/lib64/gcc/x86_64-suse-linux/4.8/:/usr/lib64/gcc/x86_64-suse-linux/:/usr/lib64/gcc/x86_64-suse-linux/4.8/:/usr/lib64/gcc/x86_64-suse-linux/:/usr/lib64/gcc/x86_64-suse-linux/4.8/../../../../x86_64-suse-linux/bin/]
  ignore line: [LIBRARY_PATH=/usr/lib64/gcc/x86_64-suse-linux/4.8/:/usr/lib64/gcc/x86_64-suse-linux/4.8/../../../../lib64/:/lib/../lib64/:/usr/lib/../lib64/:/usr/lib64/gcc/x86_64-suse-linux/4.8/../../../../x86_64-suse-linux/lib/:/usr/lib64/gcc/x86_64-suse-linux/4.8/../../../:/lib/:/usr/lib/]
  ignore line: [COLLECT_GCC_OPTIONS='-v' '-o' 'cmTryCompileExec2307284639' '-rdynamic' '-shared-libgcc' '-mtune=generic' '-march=x86-64']
  link line: [ /usr/lib64/gcc/x86_64-suse-linux/4.8/collect2 --build-id --eh-frame-hdr -m elf_x86_64 -export-dynamic -dynamic-linker /lib64/ld-linux-x86-64.so.2 -o cmTryCompileExec2307284639 /usr/lib64/gcc/x86_64-suse-linux/4.8/../../../../lib64/crt1.o /usr/lib64/gcc/x86_64-suse-linux/4.8/../../../../lib64/crti.o /usr/lib64/gcc/x86_64-suse-linux/4.8/crtbegin.o -L/usr/lib64/gcc/x86_64-suse-linux/4.8 -L/usr/lib64/gcc/x86_64-suse-linux/4.8/../../../../lib64 -L/lib/../lib64 -L/usr/lib/../lib64 -L/usr/lib64/gcc/x86_64-suse-linux/4.8/../../../../x86_64-suse-linux/lib -L/usr/lib64/gcc/x86_64-suse-linux/4.8/../../.. CMakeFiles/cmTryCompileExec2307284639.dir/CMakeCXXCompilerABI.cpp.o -lstdc++ -lm -lgcc_s -lgcc -lc -lgcc_s -lgcc /usr/lib64/gcc/x86_64-suse-linux/4.8/crtend.o /usr/lib64/gcc/x86_64-suse-linux/4.8/../../../../lib64/crtn.o]
    arg [/usr/lib64/gcc/x86_64-suse-linux/4.8/collect2] ==> ignore
    arg [--build-id] ==> ignore
    arg [--eh-frame-hdr] ==> ignore
    arg [-m] ==> ignore
    arg [elf_x86_64] ==> ignore
    arg [-export-dynamic] ==> ignore
    arg [-dynamic-linker] ==> ignore
    arg [/lib64/ld-linux-x86-64.so.2] ==> ignore
    arg [-o] ==> ignore
    arg [cmTryCompileExec2307284639] ==> ignore
    arg [/usr/lib64/gcc/x86_64-suse-linux/4.8/../../../../lib64/crt1.o] ==> ignore
    arg [/usr/lib64/gcc/x86_64-suse-linux/4.8/../../../../lib64/crti.o] ==> ignore
    arg [/usr/lib64/gcc/x86_64-suse-linux/4.8/crtbegin.o] ==> ignore
    arg [-L/usr/lib64/gcc/x86_64-suse-linux/4.8] ==> dir [/usr/lib64/gcc/x86_64-suse-linux/4.8]
    arg [-L/usr/lib64/gcc/x86_64-suse-linux/4.8/../../../../lib64] ==> dir [/usr/lib64/gcc/x86_64-suse-linux/4.8/../../../../lib64]
    arg [-L/lib/../lib64] ==> dir [/lib/../lib64]
    arg [-L/usr/lib/../lib64] ==> dir [/usr/lib/../lib64]
    arg [-L/usr/lib64/gcc/x86_64-suse-linux/4.8/../../../../x86_64-suse-linux/lib] ==> dir [/usr/lib64/gcc/x86_64-suse-linux/4.8/../../../../x86_64-suse-linux/lib]
    arg [-L/usr/lib64/gcc/x86_64-suse-linux/4.8/../../..] ==> dir [/usr/lib64/gcc/x86_64-suse-linux/4.8/../../..]
    arg [CMakeFiles/cmTryCompileExec2307284639.dir/CMakeCXXCompilerABI.cpp.o] ==> ignore
    arg [-lstdc++] ==> lib [stdc++]
    arg [-lm] ==> lib [m]
    arg [-lgcc_s] ==> lib [gcc_s]
    arg [-lgcc] ==> lib [gcc]
    arg [-lc] ==> lib [c]
    arg [-lgcc_s] ==> lib [gcc_s]
    arg [-lgcc] ==> lib [gcc]
    arg [/usr/lib64/gcc/x86_64-suse-linux/4.8/crtend.o] ==> ignore
    arg [/usr/lib64/gcc/x86_64-suse-linux/4.8/../../../../lib64/crtn.o] ==> ignore
  remove lib [gcc_s]
  remove lib [gcc]
  remove lib [gcc_s]
  remove lib [gcc]
  collapse library dir [/usr/lib64/gcc/x86_64-suse-linux/4.8] ==> [/usr/lib64/gcc/x86_64-suse-linux/4.8]
  collapse library dir [/usr/lib64/gcc/x86_64-suse-linux/4.8/../../../../lib64] ==> [/usr/lib64]
  collapse library dir [/lib/../lib64] ==> [/lib64]
  collapse library dir [/usr/lib/../lib64] ==> [/usr/lib64]
  collapse library dir [/usr/lib64/gcc/x86_64-suse-linux/4.8/../../../../x86_64-suse-linux/lib] ==> [/usr/x86_64-suse-linux/lib]
  collapse library dir [/usr/lib64/gcc/x86_64-suse-linux/4.8/../../..] ==> [/usr/lib64]
  implicit libs: [stdc++;m;c]
  implicit dirs: [/usr/lib64/gcc/x86_64-suse-linux/4.8;/usr/lib64;/lib64;/usr/x86_64-suse-linux/lib]
  implicit fwks: []


Determining if the function XOpenDisplay exists in the /usr/lib64/libX11.so;/usr/lib64/libXext.so passed with the following output:
Change Dir: /home/elchaschab/devel/Neurocid/mainline/CMakeFiles/CMakeTmp

Run Build Command:/usr/bin/gmake "cmTryCompileExec1386207163/fast"
/usr/bin/gmake -f CMakeFiles/cmTryCompileExec1386207163.dir/build.make CMakeFiles/cmTryCompileExec1386207163.dir/build
gmake[1]: Entering directory `/home/elchaschab/devel/Neurocid/mainline/CMakeFiles/CMakeTmp'
/usr/bin/cmake -E cmake_progress_report /home/elchaschab/devel/Neurocid/mainline/CMakeFiles/CMakeTmp/CMakeFiles 1
Building C object CMakeFiles/cmTryCompileExec1386207163.dir/CheckFunctionExists.c.o
/usr/bin/cc   -DCHECK_FUNCTION_EXISTS=XOpenDisplay   -o CMakeFiles/cmTryCompileExec1386207163.dir/CheckFunctionExists.c.o   -c /usr/share/cmake/Modules/CheckFunctionExists.c
Linking C executable cmTryCompileExec1386207163
/usr/bin/cmake -E cmake_link_script CMakeFiles/cmTryCompileExec1386207163.dir/link.txt --verbose=1
/usr/bin/cc     -DCHECK_FUNCTION_EXISTS=XOpenDisplay    CMakeFiles/cmTryCompileExec1386207163.dir/CheckFunctionExists.c.o  -o cmTryCompileExec1386207163 -rdynamic -lX11 -lXext 
gmake[1]: Leaving directory `/home/elchaschab/devel/Neurocid/mainline/CMakeFiles/CMakeTmp'


Determining if the function gethostbyname exists passed with the following output:
Change Dir: /home/elchaschab/devel/Neurocid/mainline/CMakeFiles/CMakeTmp

Run Build Command:/usr/bin/gmake "cmTryCompileExec3804176980/fast"
/usr/bin/gmake -f CMakeFiles/cmTryCompileExec3804176980.dir/build.make CMakeFiles/cmTryCompileExec3804176980.dir/build
gmake[1]: Entering directory `/home/elchaschab/devel/Neurocid/mainline/CMakeFiles/CMakeTmp'
/usr/bin/cmake -E cmake_progress_report /home/elchaschab/devel/Neurocid/mainline/CMakeFiles/CMakeTmp/CMakeFiles 1
Building C object CMakeFiles/cmTryCompileExec3804176980.dir/CheckFunctionExists.c.o
/usr/bin/cc   -DCHECK_FUNCTION_EXISTS=gethostbyname   -o CMakeFiles/cmTryCompileExec3804176980.dir/CheckFunctionExists.c.o   -c /usr/share/cmake/Modules/CheckFunctionExists.c
Linking C executable cmTryCompileExec3804176980
/usr/bin/cmake -E cmake_link_script CMakeFiles/cmTryCompileExec3804176980.dir/link.txt --verbose=1
/usr/bin/cc     -DCHECK_FUNCTION_EXISTS=gethostbyname    CMakeFiles/cmTryCompileExec3804176980.dir/CheckFunctionExists.c.o  -o cmTryCompileExec3804176980 -rdynamic 
gmake[1]: Leaving directory `/home/elchaschab/devel/Neurocid/mainline/CMakeFiles/CMakeTmp'


Determining if the function connect exists passed with the following output:
Change Dir: /home/elchaschab/devel/Neurocid/mainline/CMakeFiles/CMakeTmp

Run Build Command:/usr/bin/gmake "cmTryCompileExec3156845810/fast"
/usr/bin/gmake -f CMakeFiles/cmTryCompileExec3156845810.dir/build.make CMakeFiles/cmTryCompileExec3156845810.dir/build
gmake[1]: Entering directory `/home/elchaschab/devel/Neurocid/mainline/CMakeFiles/CMakeTmp'
/usr/bin/cmake -E cmake_progress_report /home/elchaschab/devel/Neurocid/mainline/CMakeFiles/CMakeTmp/CMakeFiles 1
Building C object CMakeFiles/cmTryCompileExec3156845810.dir/CheckFunctionExists.c.o
/usr/bin/cc   -DCHECK_FUNCTION_EXISTS=connect   -o CMakeFiles/cmTryCompileExec3156845810.dir/CheckFunctionExists.c.o   -c /usr/share/cmake/Modules/CheckFunctionExists.c
Linking C executable cmTryCompileExec3156845810
/usr/bin/cmake -E cmake_link_script CMakeFiles/cmTryCompileExec3156845810.dir/link.txt --verbose=1
/usr/bin/cc     -DCHECK_FUNCTION_EXISTS=connect    CMakeFiles/cmTryCompileExec3156845810.dir/CheckFunctionExists.c.o  -o cmTryCompileExec3156845810 -rdynamic 
gmake[1]: Leaving directory `/home/elchaschab/devel/Neurocid/mainline/CMakeFiles/CMakeTmp'


Determining if the function remove exists passed with the following output:
Change Dir: /home/elchaschab/devel/Neurocid/mainline/CMakeFiles/CMakeTmp

Run Build Command:/usr/bin/gmake "cmTryCompileExec2895657003/fast"
/usr/bin/gmake -f CMakeFiles/cmTryCompileExec2895657003.dir/build.make CMakeFiles/cmTryCompileExec2895657003.dir/build
gmake[1]: Entering directory `/home/elchaschab/devel/Neurocid/mainline/CMakeFiles/CMakeTmp'
/usr/bin/cmake -E cmake_progress_report /home/elchaschab/devel/Neurocid/mainline/CMakeFiles/CMakeTmp/CMakeFiles 1
Building C object CMakeFiles/cmTryCompileExec2895657003.dir/CheckFunctionExists.c.o
/usr/bin/cc   -DCHECK_FUNCTION_EXISTS=remove   -o CMakeFiles/cmTryCompileExec2895657003.dir/CheckFunctionExists.c.o   -c /usr/share/cmake/Modules/CheckFunctionExists.c
Linking C executable cmTryCompileExec2895657003
/usr/bin/cmake -E cmake_link_script CMakeFiles/cmTryCompileExec2895657003.dir/link.txt --verbose=1
/usr/bin/cc     -DCHECK_FUNCTION_EXISTS=remove    CMakeFiles/cmTryCompileExec2895657003.dir/CheckFunctionExists.c.o  -o cmTryCompileExec2895657003 -rdynamic 
gmake[1]: Leaving directory `/home/elchaschab/devel/Neurocid/mainline/CMakeFiles/CMakeTmp'


Determining if the function shmat exists passed with the following output:
Change Dir: /home/elchaschab/devel/Neurocid/mainline/CMakeFiles/CMakeTmp

Run Build Command:/usr/bin/gmake "cmTryCompileExec3864015833/fast"
/usr/bin/gmake -f CMakeFiles/cmTryCompileExec3864015833.dir/build.make CMakeFiles/cmTryCompileExec3864015833.dir/build
gmake[1]: Entering directory `/home/elchaschab/devel/Neurocid/mainline/CMakeFiles/CMakeTmp'
/usr/bin/cmake -E cmake_progress_report /home/elchaschab/devel/Neurocid/mainline/CMakeFiles/CMakeTmp/CMakeFiles 1
Building C object CMakeFiles/cmTryCompileExec3864015833.dir/CheckFunctionExists.c.o
/usr/bin/cc   -DCHECK_FUNCTION_EXISTS=shmat   -o CMakeFiles/cmTryCompileExec3864015833.dir/CheckFunctionExists.c.o   -c /usr/share/cmake/Modules/CheckFunctionExists.c
Linking C executable cmTryCompileExec3864015833
/usr/bin/cmake -E cmake_link_script CMakeFiles/cmTryCompileExec3864015833.dir/link.txt --verbose=1
/usr/bin/cc     -DCHECK_FUNCTION_EXISTS=shmat    CMakeFiles/cmTryCompileExec3864015833.dir/CheckFunctionExists.c.o  -o cmTryCompileExec3864015833 -rdynamic 
gmake[1]: Leaving directory `/home/elchaschab/devel/Neurocid/mainline/CMakeFiles/CMakeTmp'


Determining if the function IceConnectionNumber exists in the ICE passed with the following output:
Change Dir: /home/elchaschab/devel/Neurocid/mainline/CMakeFiles/CMakeTmp

Run Build Command:/usr/bin/gmake "cmTryCompileExec3345903732/fast"
/usr/bin/gmake -f CMakeFiles/cmTryCompileExec3345903732.dir/build.make CMakeFiles/cmTryCompileExec3345903732.dir/build
gmake[1]: Entering directory `/home/elchaschab/devel/Neurocid/mainline/CMakeFiles/CMakeTmp'
/usr/bin/cmake -E cmake_progress_report /home/elchaschab/devel/Neurocid/mainline/CMakeFiles/CMakeTmp/CMakeFiles 1
Building C object CMakeFiles/cmTryCompileExec3345903732.dir/CheckFunctionExists.c.o
/usr/bin/cc   -DCHECK_FUNCTION_EXISTS=IceConnectionNumber   -o CMakeFiles/cmTryCompileExec3345903732.dir/CheckFunctionExists.c.o   -c /usr/share/cmake/Modules/CheckFunctionExists.c
Linking C executable cmTryCompileExec3345903732
/usr/bin/cmake -E cmake_link_script CMakeFiles/cmTryCompileExec3345903732.dir/link.txt --verbose=1
/usr/bin/cc     -DCHECK_FUNCTION_EXISTS=IceConnectionNumber    CMakeFiles/cmTryCompileExec3345903732.dir/CheckFunctionExists.c.o  -o cmTryCompileExec3345903732 -rdynamic -lICE 
gmake[1]: Leaving directory `/home/elchaschab/devel/Neurocid/mainline/CMakeFiles/CMakeTmp'


Determining if files pthread.h exist passed with the following output:
Change Dir: /home/elchaschab/devel/Neurocid/mainline/CMakeFiles/CMakeTmp

Run Build Command:/usr/bin/gmake "cmTryCompileExec331077241/fast"
/usr/bin/gmake -f CMakeFiles/cmTryCompileExec331077241.dir/build.make CMakeFiles/cmTryCompileExec331077241.dir/build
gmake[1]: Entering directory `/home/elchaschab/devel/Neurocid/mainline/CMakeFiles/CMakeTmp'
/usr/bin/cmake -E cmake_progress_report /home/elchaschab/devel/Neurocid/mainline/CMakeFiles/CMakeTmp/CMakeFiles 1
Building C object CMakeFiles/cmTryCompileExec331077241.dir/CheckIncludeFiles.c.o
/usr/bin/cc    -o CMakeFiles/cmTryCompileExec331077241.dir/CheckIncludeFiles.c.o   -c /home/elchaschab/devel/Neurocid/mainline/CMakeFiles/CMakeTmp/CheckIncludeFiles.c
Linking C executable cmTryCompileExec331077241
/usr/bin/cmake -E cmake_link_script CMakeFiles/cmTryCompileExec331077241.dir/link.txt --verbose=1
/usr/bin/cc         CMakeFiles/cmTryCompileExec331077241.dir/CheckIncludeFiles.c.o  -o cmTryCompileExec331077241 -rdynamic 
gmake[1]: Leaving directory `/home/elchaschab/devel/Neurocid/mainline/CMakeFiles/CMakeTmp'


Determining if the function pthread_create exists in the pthread passed with the following output:
Change Dir: /home/elchaschab/devel/Neurocid/mainline/CMakeFiles/CMakeTmp

Run Build Command:/usr/bin/gmake "cmTryCompileExec926645728/fast"
/usr/bin/gmake -f CMakeFiles/cmTryCompileExec926645728.dir/build.make CMakeFiles/cmTryCompileExec926645728.dir/build
gmake[1]: Entering directory `/home/elchaschab/devel/Neurocid/mainline/CMakeFiles/CMakeTmp'
/usr/bin/cmake -E cmake_progress_report /home/elchaschab/devel/Neurocid/mainline/CMakeFiles/CMakeTmp/CMakeFiles 1
Building C object CMakeFiles/cmTryCompileExec926645728.dir/CheckFunctionExists.c.o
/usr/bin/cc   -DCHECK_FUNCTION_EXISTS=pthread_create   -o CMakeFiles/cmTryCompileExec926645728.dir/CheckFunctionExists.c.o   -c /usr/share/cmake/Modules/CheckFunctionExists.c
Linking C executable cmTryCompileExec926645728
/usr/bin/cmake -E cmake_link_script CMakeFiles/cmTryCompileExec926645728.dir/link.txt --verbose=1
/usr/bin/cc     -DCHECK_FUNCTION_EXISTS=pthread_create    CMakeFiles/cmTryCompileExec926645728.dir/CheckFunctionExists.c.o  -o cmTryCompileExec926645728 -rdynamic -lpthread 
gmake[1]: Leaving directory `/home/elchaschab/devel/Neurocid/mainline/CMakeFiles/CMakeTmp'


Determining if the function XOpenDisplay exists in the /usr/lib64/libX11.so;/usr/lib64/libXext.so passed with the following output:
Change Dir: /home/elchaschab/devel/Neurocid/guichan/CMakeFiles/CMakeTmp

Run Build Command:/usr/bin/gmake "cmTryCompileExec277273285/fast"
/usr/bin/gmake -f CMakeFiles/cmTryCompileExec277273285.dir/build.make CMakeFiles/cmTryCompileExec277273285.dir/build
gmake[1]: Entering directory `/home/elchaschab/devel/Neurocid/guichan/CMakeFiles/CMakeTmp'
/usr/bin/cmake -E cmake_progress_report /home/elchaschab/devel/Neurocid/guichan/CMakeFiles/CMakeTmp/CMakeFiles 1
Building C object CMakeFiles/cmTryCompileExec277273285.dir/CheckFunctionExists.c.o
/usr/bin/cc   -DCHECK_FUNCTION_EXISTS=XOpenDisplay   -o CMakeFiles/cmTryCompileExec277273285.dir/CheckFunctionExists.c.o   -c /usr/share/cmake/Modules/CheckFunctionExists.c
Linking C executable cmTryCompileExec277273285
/usr/bin/cmake -E cmake_link_script CMakeFiles/cmTryCompileExec277273285.dir/link.txt --verbose=1
/usr/bin/cc     -DCHECK_FUNCTION_EXISTS=XOpenDisplay    CMakeFiles/cmTryCompileExec277273285.dir/CheckFunctionExists.c.o  -o cmTryCompileExec277273285 -rdynamic -lX11 -lXext 
gmake[1]: Leaving directory `/home/elchaschab/devel/Neurocid/guichan/CMakeFiles/CMakeTmp'


Determining if the function gethostbyname exists passed with the following output:
Change Dir: /home/elchaschab/devel/Neurocid/guichan/CMakeFiles/CMakeTmp

Run Build Command:/usr/bin/gmake "cmTryCompileExec1240296713/fast"
/usr/bin/gmake -f CMakeFiles/cmTryCompileExec1240296713.dir/build.make CMakeFiles/cmTryCompileExec1240296713.dir/build
gmake[1]: Entering directory `/home/elchaschab/devel/Neurocid/guichan/CMakeFiles/CMakeTmp'
/usr/bin/cmake -E cmake_progress_report /home/elchaschab/devel/Neurocid/guichan/CMakeFiles/CMakeTmp/CMakeFiles 1
Building C object CMakeFiles/cmTryCompileExec1240296713.dir/CheckFunctionExists.c.o
/usr/bin/cc   -DCHECK_FUNCTION_EXISTS=gethostbyname   -o CMakeFiles/cmTryCompileExec1240296713.dir/CheckFunctionExists.c.o   -c /usr/share/cmake/Modules/CheckFunctionExists.c
Linking C executable cmTryCompileExec1240296713
/usr/bin/cmake -E cmake_link_script CMakeFiles/cmTryCompileExec1240296713.dir/link.txt --verbose=1
/usr/bin/cc     -DCHECK_FUNCTION_EXISTS=gethostbyname    CMakeFiles/cmTryCompileExec1240296713.dir/CheckFunctionExists.c.o  -o cmTryCompileExec1240296713 -rdynamic 
gmake[1]: Leaving directory `/home/elchaschab/devel/Neurocid/guichan/CMakeFiles/CMakeTmp'


Determining if the function connect exists passed with the following output:
Change Dir: /home/elchaschab/devel/Neurocid/guichan/CMakeFiles/CMakeTmp

Run Build Command:/usr/bin/gmake "cmTryCompileExec97752564/fast"
/usr/bin/gmake -f CMakeFiles/cmTryCompileExec97752564.dir/build.make CMakeFiles/cmTryCompileExec97752564.dir/build
gmake[1]: Entering directory `/home/elchaschab/devel/Neurocid/guichan/CMakeFiles/CMakeTmp'
/usr/bin/cmake -E cmake_progress_report /home/elchaschab/devel/Neurocid/guichan/CMakeFiles/CMakeTmp/CMakeFiles 1
Building C object CMakeFiles/cmTryCompileExec97752564.dir/CheckFunctionExists.c.o
/usr/bin/cc   -DCHECK_FUNCTION_EXISTS=connect   -o CMakeFiles/cmTryCompileExec97752564.dir/CheckFunctionExists.c.o   -c /usr/share/cmake/Modules/CheckFunctionExists.c
Linking C executable cmTryCompileExec97752564
/usr/bin/cmake -E cmake_link_script CMakeFiles/cmTryCompileExec97752564.dir/link.txt --verbose=1
/usr/bin/cc     -DCHECK_FUNCTION_EXISTS=connect    CMakeFiles/cmTryCompileExec97752564.dir/CheckFunctionExists.c.o  -o cmTryCompileExec97752564 -rdynamic 
gmake[1]: Leaving directory `/home/elchaschab/devel/Neurocid/guichan/CMakeFiles/CMakeTmp'


Determining if the function remove exists passed with the following output:
Change Dir: /home/elchaschab/devel/Neurocid/guichan/CMakeFiles/CMakeTmp

Run Build Command:/usr/bin/gmake "cmTryCompileExec2598544511/fast"
/usr/bin/gmake -f CMakeFiles/cmTryCompileExec2598544511.dir/build.make CMakeFiles/cmTryCompileExec2598544511.dir/build
gmake[1]: Entering directory `/home/elchaschab/devel/Neurocid/guichan/CMakeFiles/CMakeTmp'
/usr/bin/cmake -E cmake_progress_report /home/elchaschab/devel/Neurocid/guichan/CMakeFiles/CMakeTmp/CMakeFiles 1
Building C object CMakeFiles/cmTryCompileExec2598544511.dir/CheckFunctionExists.c.o
/usr/bin/cc   -DCHECK_FUNCTION_EXISTS=remove   -o CMakeFiles/cmTryCompileExec2598544511.dir/CheckFunctionExists.c.o   -c /usr/share/cmake/Modules/CheckFunctionExists.c
Linking C executable cmTryCompileExec2598544511
/usr/bin/cmake -E cmake_link_script CMakeFiles/cmTryCompileExec2598544511.dir/link.txt --verbose=1
/usr/bin/cc     -DCHECK_FUNCTION_EXISTS=remove    CMakeFiles/cmTryCompileExec2598544511.dir/CheckFunctionExists.c.o  -o cmTryCompileExec2598544511 -rdynamic 
gmake[1]: Leaving directory `/home/elchaschab/devel/Neurocid/guichan/CMakeFiles/CMakeTmp'


Determining if the function shmat exists passed with the following output:
Change Dir: /home/elchaschab/devel/Neurocid/guichan/CMakeFiles/CMakeTmp

Run Build Command:/usr/bin/gmake "cmTryCompileExec2264003254/fast"
/usr/bin/gmake -f CMakeFiles/cmTryCompileExec2264003254.dir/build.make CMakeFiles/cmTryCompileExec2264003254.dir/build
gmake[1]: Entering directory `/home/elchaschab/devel/Neurocid/guichan/CMakeFiles/CMakeTmp'
/usr/bin/cmake -E cmake_progress_report /home/elchaschab/devel/Neurocid/guichan/CMakeFiles/CMakeTmp/CMakeFiles 1
Building C object CMakeFiles/cmTryCompileExec2264003254.dir/CheckFunctionExists.c.o
/usr/bin/cc   -DCHECK_FUNCTION_EXISTS=shmat   -o CMakeFiles/cmTryCompileExec2264003254.dir/CheckFunctionExists.c.o   -c /usr/share/cmake/Modules/CheckFunctionExists.c
Linking C executable cmTryCompileExec2264003254
/usr/bin/cmake -E cmake_link_script CMakeFiles/cmTryCompileExec2264003254.dir/link.txt --verbose=1
/usr/bin/cc     -DCHECK_FUNCTION_EXISTS=shmat    CMakeFiles/cmTryCompileExec2264003254.dir/CheckFunctionExists.c.o  -o cmTryCompileExec2264003254 -rdynamic 
gmake[1]: Leaving directory `/home/elchaschab/devel/Neurocid/guichan/CMakeFiles/CMakeTmp'


Determining if the function IceConnectionNumber exists in the ICE passed with the following output:
Change Dir: /home/elchaschab/devel/Neurocid/guichan/CMakeFiles/CMakeTmp

Run Build Command:/usr/bin/gmake "cmTryCompileExec1991717251/fast"
/usr/bin/gmake -f CMakeFiles/cmTryCompileExec1991717251.dir/build.make CMakeFiles/cmTryCompileExec1991717251.dir/build
gmake[1]: Entering directory `/home/elchaschab/devel/Neurocid/guichan/CMakeFiles/CMakeTmp'
/usr/bin/cmake -E cmake_progress_report /home/elchaschab/devel/Neurocid/guichan/CMakeFiles/CMakeTmp/CMakeFiles 1
Building C object CMakeFiles/cmTryCompileExec1991717251.dir/CheckFunctionExists.c.o
/usr/bin/cc   -DCHECK_FUNCTION_EXISTS=IceConnectionNumber   -o CMakeFiles/cmTryCompileExec1991717251.dir/CheckFunctionExists.c.o   -c /usr/share/cmake/Modules/CheckFunctionExists.c
Linking C executable cmTryCompileExec1991717251
/usr/bin/cmake -E cmake_link_script CMakeFiles/cmTryCompileExec1991717251.dir/link.txt --verbose=1
/usr/bin/cc     -DCHECK_FUNCTION_EXISTS=IceConnectionNumber    CMakeFiles/cmTryCompileExec1991717251.dir/CheckFunctionExists.c.o  -o cmTryCompileExec1991717251 -rdynamic -lICE 
gmake[1]: Leaving directory `/home/elchaschab/devel/Neurocid/guichan/CMakeFiles/CMakeTmp'


Determining if files pthread.h exist passed with the following output:
Change Dir: /home/elchaschab/devel/Neurocid/guichan/CMakeFiles/CMakeTmp

Run Build Command:/usr/bin/gmake "cmTryCompileExec3883196716/fast"
/usr/bin/gmake -f CMakeFiles/cmTryCompileExec3883196716.dir/build.make CMakeFiles/cmTryCompileExec3883196716.dir/build
gmake[1]: Entering directory `/home/elchaschab/devel/Neurocid/guichan/CMakeFiles/CMakeTmp'
/usr/bin/cmake -E cmake_progress_report /home/elchaschab/devel/Neurocid/guichan/CMakeFiles/CMakeTmp/CMakeFiles 1
Building C object CMakeFiles/cmTryCompileExec3883196716.dir/CheckIncludeFiles.c.o
/usr/bin/cc    -o CMakeFiles/cmTryCompileExec3883196716.dir/CheckIncludeFiles.c.o   -c /home/elchaschab/devel/Neurocid/guichan/CMakeFiles/CMakeTmp/CheckIncludeFiles.c
Linking C executable cmTryCompileExec3883196716
/usr/bin/cmake -E cmake_link_script CMakeFiles/cmTryCompileExec3883196716.dir/link.txt --verbose=1
/usr/bin/cc         CMakeFiles/cmTryCompileExec3883196716.dir/CheckIncludeFiles.c.o  -o cmTryCompileExec3883196716 -rdynamic 
gmake[1]: Leaving directory `/home/elchaschab/devel/Neurocid/guichan/CMakeFiles/CMakeTmp'


Determining if the function pthread_create exists in the pthread passed with the following output:
Change Dir: /home/elchaschab/devel/Neurocid/guichan/CMakeFiles/CMakeTmp

Run Build Command:/usr/bin/gmake "cmTryCompileExec1457804067/fast"
/usr/bin/gmake -f CMakeFiles/cmTryCompileExec1457804067.dir/build.make CMakeFiles/cmTryCompileExec1457804067.dir/build
gmake[1]: Entering directory `/home/elchaschab/devel/Neurocid/guichan/CMakeFiles/CMakeTmp'
/usr/bin/cmake -E cmake_progress_report /home/elchaschab/devel/Neurocid/guichan/CMakeFiles/CMakeTmp/CMakeFiles 1
Building C object CMakeFiles/cmTryCompileExec1457804067.dir/CheckFunctionExists.c.o
/usr/bin/cc   -DCHECK_FUNCTION_EXISTS=pthread_create   -o CMakeFiles/cmTryCompileExec1457804067.dir/CheckFunctionExists.c.o   -c /usr/share/cmake/Modules/CheckFunctionExists.c
Linking C executable cmTryCompileExec1457804067
/usr/bin/cmake -E cmake_link_script CMakeFiles/cmTryCompileExec1457804067.dir/link.txt --verbose=1
/usr/bin/cc     -DCHECK_FUNCTION_EXISTS=pthread_create    CMakeFiles/cmTryCompileExec1457804067.dir/CheckFunctionExists.c.o  -o cmTryCompileExec1457804067 -rdynamic -lpthread 
gmake[1]: Leaving directory `/home/elchaschab/devel/Neurocid/guichan/CMakeFiles/CMakeTmp'


